<?xml version="1.0" encoding="UTF-8"?>
<testng-results ignored="0" total="0" passed="0" failed="0" skipped="0">
  <reporter-output>
  </reporter-output>
  <suite started-at="2022-10-15T22:52:12 EET" name="TestRunner.TestRunner" finished-at="2022-10-15T22:52:12 EET" duration-ms="9">
    <groups>
    </groups>
    <test started-at="2022-10-15T22:52:12 EET" name="Command line test" finished-at="2022-10-15T22:52:12 EET" duration-ms="9">
    </test> <!-- Command line test -->
  </suite> <!-- TestRunner.TestRunner -->
</testng-results>
